<?xml version="1.0" encoding="UTF-8"?>
<!-- Generated by org.testng.reporters.JUnitReportReporter -->
<testsuite hostname="DESKTOP-EQ55Q8H" failures="0" tests="1" name="cucumberOptions.CurrentTestRunner" time="10.691" errors="0" timestamp="2025-06-18T15:50:39 IST" skipped="0">
  <testcase classname="cucumberOptions.CurrentTestRunner" name="runScenario" time="10.691"/>
</testsuite> <!-- cucumberOptions.CurrentTestRunner -->
